2026-07-21 23:18:28 [INFO] [SESSION:d226b28e] [SIMULATION] [OBSERVE-ONLY] Acao simulada EMERGENCY_HEAL: Vida Baixa
2026-07-21 23:18:28 [INFO] [SESSION:d226b28e] [HEALER  ] Modulo de cura ativado.
2026-07-21 23:18:28 [INFO] [SESSION:d226b28e] [COMBAT  ] Modulo de ataque ativado.
2026-07-21 23:18:28 [INFO] [SESSION:d226b28e] [COMBAT  ] Atacando inimigo
2026-07-21 23:18:28 [INFO] [SESSION:d226b28e] [HEALER  ] Modulo de cura ativado.
2026-07-21 23:18:28 [INFO] [SESSION:d226b28e] [STATE   ] Modo alterado: IDLE -> COMBAT | Motivo: Criaturas detectadas na Battle List / Alvo travado
2026-07-21 23:18:28 [INFO] [SESSION:d226b28e] [STATE   ] Modo alterado: IDLE -> PAUSED | Motivo: Killswitch ativado pelo usuário (Pause)
2026-07-21 23:18:28 [INFO] [SESSION:d226b28e] [STATE   ] Modo alterado: IDLE -> COMBAT | Motivo: Criaturas detectadas na Battle List / Alvo travado
2026-07-21 23:18:28 [INFO] [SESSION:d226b28e] [STATE   ] Modo alterado: IDLE -> IN_PROTECTION_ZONE | Motivo: Personagem dentro de Protection Zone
2026-07-21 23:18:28 [INFO] [SESSION:d226b28e] [STATE   ] Modo alterado: IDLE -> UNSAFE | Motivo: Janela do Tibia sem foco ativo
2026-07-21 23:19:32 [INFO] [SESSION:ff40bdd6] [SIMULATION] [OBSERVE-ONLY] Acao simulada EMERGENCY_HEAL: Vida Baixa
2026-07-21 23:19:32 [INFO] [SESSION:ff40bdd6] [STATE   ] Modo alterado: IDLE -> UNSAFE | Motivo: Janela do Projetor OBS não encontrada
2026-07-21 23:19:32 [INFO] [SESSION:ff40bdd6] [SYSTEM  ] Restaurando visibilidade normal da janela do Tibia...
2026-07-21 23:19:33 [INFO] [SESSION:ff40bdd6] [SYSTEM  ] Visibilidade restaurada. Engine encerrado com sucesso.
2026-07-21 23:19:33 [INFO] [SESSION:ff40bdd6] [HEALER  ] Modulo de cura ativado.
2026-07-21 23:19:33 [INFO] [SESSION:ff40bdd6] [COMBAT  ] Modulo de ataque ativado.
2026-07-21 23:19:33 [INFO] [SESSION:ff40bdd6] [COMBAT  ] Atacando inimigo
2026-07-21 23:19:33 [INFO] [SESSION:ff40bdd6] [HEALER  ] Modulo de cura ativado.
2026-07-21 23:19:33 [INFO] [SESSION:ff40bdd6] [STATE   ] Modo alterado: IDLE -> COMBAT | Motivo: Criaturas detectadas na Battle List / Alvo travado
2026-07-21 23:19:33 [INFO] [SESSION:ff40bdd6] [STATE   ] Modo alterado: IDLE -> PAUSED | Motivo: Killswitch ativado pelo usuário (Pause)
2026-07-21 23:19:33 [INFO] [SESSION:ff40bdd6] [STATE   ] Modo alterado: IDLE -> COMBAT | Motivo: Criaturas detectadas na Battle List / Alvo travado
2026-07-21 23:19:33 [INFO] [SESSION:ff40bdd6] [STATE   ] Modo alterado: IDLE -> IN_PROTECTION_ZONE | Motivo: Personagem dentro de Protection Zone
2026-07-21 23:19:33 [INFO] [SESSION:ff40bdd6] [STATE   ] Modo alterado: IDLE -> UNSAFE | Motivo: Janela do Tibia sem foco ativo
2026-07-21 23:20:41 [INFO] [SESSION:1642a2f2] [SYSTEM  ] Configuracao carregada e validada com sucesso.
2026-07-21 23:20:41 [INFO] [SESSION:1642a2f2] [SYSTEM  ] Verificando janelas abertas...
2026-07-21 23:20:41 [INFO] [SESSION:1642a2f2] [SYSTEM  ] Tibia encontrado: 'tibia-bot - Antigravity IDE - app.log' (HWND: 525486)
2026-07-21 23:20:41 [INFO] [SESSION:1642a2f2] [SYSTEM  ] OBS encontrado: 'Projector - Source: Game Capture' (HWND: 12520414)
2026-07-21 23:20:41 [INFO] [SESSION:1642a2f2] [SYSTEM  ] Killswitch registrado na tecla PAUSE.
2026-07-21 23:20:41 [INFO] [SESSION:1642a2f2] [SYSTEM  ] Aplicando opacidade para ocultar a janela do Tibia...
2026-07-21 23:20:41 [INFO] [SESSION:1642a2f2] [SYSTEM  ] Janela do Tibia configurada como INVISIVEL.
2026-07-21 23:20:41 [INFO] [SESSION:1642a2f2] [SYSTEM  ] Iniciando modulos do bot e Overlay de tela...
2026-07-21 23:20:41 [INFO] [SESSION:1642a2f2] [HEALER  ] Modulo de cura ativado.
2026-07-21 23:20:41 [INFO] [SESSION:1642a2f2] [COMBAT  ] Modulo de ataque ativado.
2026-07-21 23:20:41 [INFO] [SESSION:1642a2f2] [SYSTEM  ] Engine em execucao. Pressione Ctrl+C ou PAUSE para parar.
2026-07-21 23:20:41 [INFO] [SESSION:1642a2f2] [STATE   ] Modo alterado: IDLE -> UNSAFE | Motivo: Janela do Tibia sem foco ativo
2026-07-21 23:20:43 [INFO] [SESSION:1642a2f2] [STATE   ] Modo alterado: UNSAFE -> IDLE | Motivo: Nenhum combate ativo ou evento pendente
2026-07-21 23:20:45 [INFO] [SESSION:1642a2f2] [SYSTEM  ] Captura estática/congelada detectada há 30 ciclos.
2026-07-21 23:20:45 [INFO] [SESSION:1642a2f2] [STATE   ] Modo alterado: IDLE -> UNSAFE | Motivo: Frame com falha/status: frozen
2026-07-21 23:20:46 [INFO] [SESSION:1642a2f2] [STATE   ] Modo alterado: UNSAFE -> IDLE | Motivo: Nenhum combate ativo ou evento pendente
2026-07-21 23:20:46 [INFO] [SESSION:1642a2f2] [STATE   ] Modo alterado: IDLE -> UNSAFE | Motivo: Janela do Tibia sem foco ativo
2026-07-21 23:20:46 [INFO] [SESSION:1642a2f2] [STATE   ] Modo alterado: UNSAFE -> IDLE | Motivo: Nenhum combate ativo ou evento pendente
2026-07-21 23:20:48 [INFO] [SESSION:1642a2f2] [STATE   ] Modo alterado: IDLE -> UNSAFE | Motivo: Janela do Tibia sem foco ativo
2026-07-21 23:20:50 [INFO] [SESSION:1642a2f2] [SYSTEM  ] Captura estática/congelada detectada há 30 ciclos.
2026-07-21 23:20:53 [INFO] [SESSION:1642a2f2] [SYSTEM  ] Captura estática/congelada detectada há 30 ciclos.
2026-07-21 23:20:55 [INFO] [SESSION:1642a2f2] [SYSTEM  ] Captura estática/congelada detectada há 30 ciclos.
2026-07-21 23:20:57 [INFO] [SESSION:1642a2f2] [SYSTEM  ] Captura estática/congelada detectada há 30 ciclos.
2026-07-21 23:21:03 [INFO] [SESSION:1642a2f2] [SYSTEM  ] Captura estática/congelada detectada há 30 ciclos.
2026-07-21 23:21:05 [INFO] [SESSION:1642a2f2] [SYSTEM  ] Captura estática/congelada detectada há 30 ciclos.
2026-07-21 23:21:08 [INFO] [SESSION:1642a2f2] [SYSTEM  ] Captura estática/congelada detectada há 30 ciclos.
2026-07-21 23:21:10 [INFO] [SESSION:1642a2f2] [STATE   ] Modo alterado: UNSAFE -> IDLE | Motivo: Nenhum combate ativo ou evento pendente
2026-07-21 23:21:15 [INFO] [SESSION:1642a2f2] [ACTION  ] Executado USE_MANA: Pocao de Mana (0%)
2026-07-21 23:21:17 [INFO] [SESSION:1642a2f2] [STATE   ] Modo alterado: IDLE -> UNSAFE | Motivo: Janela do Tibia sem foco ativo
2026-07-21 23:21:20 [INFO] [SESSION:1642a2f2] [SYSTEM  ] Captura estática/congelada detectada há 30 ciclos.
2026-07-21 23:21:22 [INFO] [SESSION:1642a2f2] [SYSTEM  ] Captura estática/congelada detectada há 30 ciclos.
2026-07-21 23:21:24 [INFO] [SESSION:1642a2f2] [SYSTEM  ] Captura estática/congelada detectada há 30 ciclos.
2026-07-21 23:21:29 [INFO] [SESSION:1642a2f2] [SYSTEM  ] Captura estática/congelada detectada há 30 ciclos.
2026-07-21 23:21:33 [INFO] [SESSION:1642a2f2] [STATE   ] Modo alterado: UNSAFE -> IDLE | Motivo: Nenhum combate ativo ou evento pendente
2026-07-21 23:21:34 [INFO] [SESSION:1642a2f2] [STATE   ] Modo alterado: IDLE -> UNSAFE | Motivo: Janela do Tibia minimizada
2026-07-21 23:21:35 [INFO] [SESSION:1642a2f2] [STATE   ] Modo alterado: UNSAFE -> IDLE | Motivo: Nenhum combate ativo ou evento pendente
2026-07-21 23:21:36 [INFO] [SESSION:1642a2f2] [STATE   ] Modo alterado: IDLE -> UNSAFE | Motivo: Janela do Tibia minimizada
2026-07-21 23:21:36 [INFO] [SESSION:1642a2f2] [STATE   ] Modo alterado: UNSAFE -> IDLE | Motivo: Nenhum combate ativo ou evento pendente
2026-07-21 23:21:36 [INFO] [SESSION:1642a2f2] [STATE   ] Modo alterado: IDLE -> UNSAFE | Motivo: Janela do Tibia minimizada
2026-07-21 23:21:38 [INFO] [SESSION:1642a2f2] [STATE   ] Modo alterado: UNSAFE -> IDLE | Motivo: Nenhum combate ativo ou evento pendente
2026-07-21 23:21:39 [INFO] [SESSION:1642a2f2] [STATE   ] Modo alterado: IDLE -> UNSAFE | Motivo: Janela do Tibia sem foco ativo
2026-07-21 23:21:41 [INFO] [SESSION:1642a2f2] [SYSTEM  ] Captura estática/congelada detectada há 30 ciclos.
2026-07-21 23:21:45 [INFO] [SESSION:1642a2f2] [SYSTEM  ] Captura estática/congelada detectada há 30 ciclos.
2026-07-21 23:21:47 [INFO] [SESSION:1642a2f2] [STATE   ] Modo alterado: UNSAFE -> IDLE | Motivo: Nenhum combate ativo ou evento pendente
2026-07-21 23:21:47 [INFO] [SESSION:1642a2f2] [SYSTEM  ] Falha na captura da janela do Projetor OBS (1x): Region has zero or negative size: {'top': 0, 'left': 0, 'width': 0, 'height': 0}
2026-07-21 23:21:47 [INFO] [SESSION:1642a2f2] [STATE   ] Modo alterado: IDLE -> UNSAFE | Motivo: Frame com falha/status: failed
2026-07-21 23:21:50 [INFO] [SESSION:1642a2f2] [SYSTEM  ] Falha na captura da janela do Projetor OBS (50x): Region has zero or negative size: {'top': 0, 'left': 0, 'width': 0, 'height': 0}
2026-07-21 23:21:52 [INFO] [SESSION:1642a2f2] [SYSTEM  ] Encerrando bot por solicitacao do usuario...
2026-07-21 23:21:52 [INFO] [SESSION:1642a2f2] [SYSTEM  ] Restaurando visibilidade normal da janela do Tibia...
2026-07-21 23:21:52 [INFO] [SESSION:1642a2f2] [SYSTEM  ] Visibilidade restaurada. Engine encerrado com sucesso.
2026-07-21 23:23:02 [INFO] [SESSION:cbe5530b] [SYSTEM  ] Configuracao carregada e validada com sucesso.
2026-07-21 23:23:02 [INFO] [SESSION:cbe5530b] [SYSTEM  ] Verificando janelas abertas...
2026-07-21 23:23:02 [INFO] [SESSION:cbe5530b] [SYSTEM  ] Tibia encontrado: 'Tibia - Zunuxamano Acrum' (HWND: 85657806)
2026-07-21 23:23:02 [INFO] [SESSION:cbe5530b] [SYSTEM  ] OBS encontrado: 'Projector - Source: Game Capture' (HWND: 5769610)
2026-07-21 23:23:02 [INFO] [SESSION:cbe5530b] [SYSTEM  ] Killswitch registrado na tecla PAUSE.
2026-07-21 23:23:02 [INFO] [SESSION:cbe5530b] [SYSTEM  ] Aplicando opacidade para ocultar a janela do Tibia...
2026-07-21 23:23:02 [INFO] [SESSION:cbe5530b] [SYSTEM  ] Janela do Tibia configurada como INVISIVEL.
2026-07-21 23:23:02 [INFO] [SESSION:cbe5530b] [SYSTEM  ] Iniciando modulos do bot e Overlay de tela...
2026-07-21 23:23:03 [INFO] [SESSION:cbe5530b] [HEALER  ] Modulo de cura ativado.
2026-07-21 23:23:03 [INFO] [SESSION:cbe5530b] [COMBAT  ] Modulo de ataque ativado.
2026-07-21 23:23:03 [INFO] [SESSION:cbe5530b] [SYSTEM  ] Engine em execucao. Pressione Ctrl+C ou PAUSE para parar.
2026-07-21 23:23:03 [INFO] [SESSION:cbe5530b] [STATE   ] Modo alterado: IDLE -> UNSAFE | Motivo: Janela do Tibia sem foco ativo
2026-07-21 23:23:05 [INFO] [SESSION:cbe5530b] [STATE   ] Modo alterado: UNSAFE -> COMBAT | Motivo: Criaturas detectadas na Battle List / Alvo travado
2026-07-21 23:23:05 [INFO] [SESSION:cbe5530b] [COMBAT  ] Atacando inimigo
2026-07-21 23:23:05 [INFO] [SESSION:cbe5530b] [ACTION  ] Executado ATTACK: Selecao de alvo na Battle List
2026-07-21 23:23:05 [INFO] [SESSION:cbe5530b] [COMBAT  ] Alvo travado
2026-07-21 23:23:14 [INFO] [SESSION:cbe5530b] [STATE   ] Modo alterado: COMBAT -> IDLE | Motivo: Nenhum combate ativo ou evento pendente
2026-07-21 23:23:14 [INFO] [SESSION:cbe5530b] [COMBAT  ] Batalha encerrada
2026-07-21 23:23:22 [INFO] [SESSION:cbe5530b] [STATE   ] Modo alterado: IDLE -> COMBAT | Motivo: Criaturas detectadas na Battle List / Alvo travado
2026-07-21 23:23:22 [INFO] [SESSION:cbe5530b] [COMBAT  ] Atacando inimigo
2026-07-21 23:23:23 [INFO] [SESSION:cbe5530b] [ACTION  ] Executado ATTACK: Selecao de alvo na Battle List
2026-07-21 23:23:23 [INFO] [SESSION:cbe5530b] [COMBAT  ] Alvo travado
2026-07-21 23:23:32 [INFO] [SESSION:cbe5530b] [STATE   ] Modo alterado: COMBAT -> IDLE | Motivo: Nenhum combate ativo ou evento pendente
2026-07-21 23:23:32 [INFO] [SESSION:cbe5530b] [COMBAT  ] Batalha encerrada
2026-07-21 23:25:29 [INFO] [SESSION:cbe5530b] [STATE   ] Modo alterado: IDLE -> COMBAT | Motivo: Criaturas detectadas na Battle List / Alvo travado
2026-07-21 23:25:29 [INFO] [SESSION:cbe5530b] [COMBAT  ] Atacando inimigo
2026-07-21 23:25:30 [INFO] [SESSION:cbe5530b] [ACTION  ] Executado ATTACK: Selecao de alvo na Battle List
2026-07-21 23:25:30 [INFO] [SESSION:cbe5530b] [COMBAT  ] Alvo travado
2026-07-21 23:25:39 [INFO] [SESSION:cbe5530b] [STATE   ] Modo alterado: COMBAT -> IDLE | Motivo: Nenhum combate ativo ou evento pendente
2026-07-21 23:25:39 [INFO] [SESSION:cbe5530b] [COMBAT  ] Batalha encerrada
2026-07-21 23:25:42 [INFO] [SESSION:cbe5530b] [STATE   ] Modo alterado: IDLE -> UNSAFE | Motivo: Janela do Tibia sem foco ativo
2026-07-21 23:25:42 [INFO] [SESSION:cbe5530b] [SYSTEM  ] Encerrando bot por solicitacao do usuario...
2026-07-21 23:25:42 [INFO] [SESSION:cbe5530b] [SYSTEM  ] Restaurando visibilidade normal da janela do Tibia...
2026-07-21 23:25:43 [INFO] [SESSION:cbe5530b] [SYSTEM  ] Visibilidade restaurada. Engine encerrado com sucesso.
2026-07-22 21:07:40 [INFO] [SESSION:0ac7727a] [SYSTEM  ] Configuracao carregada e validada com sucesso.
2026-07-22 21:07:40 [INFO] [SESSION:0ac7727a] [SYSTEM  ] Verificando janelas abertas...
2026-07-22 21:07:40 [INFO] [SESSION:0ac7727a] [SYSTEM  ] Tibia encontrado: 'Tibia - Zunuxamano Acrum' (HWND: 263412)
2026-07-22 21:07:40 [INFO] [SESSION:0ac7727a] [SYSTEM  ] OBS encontrado: 'Projector - Source: Game Capture' (HWND: 328822)
2026-07-22 21:07:40 [INFO] [SESSION:0ac7727a] [SYSTEM  ] Killswitch registrado na tecla PAUSE.
2026-07-22 21:07:40 [INFO] [SESSION:0ac7727a] [SYSTEM  ] Aplicando opacidade para ocultar a janela do Tibia...
2026-07-22 21:07:40 [INFO] [SESSION:0ac7727a] [SYSTEM  ] Janela do Tibia configurada como INVISIVEL.
2026-07-22 21:07:40 [INFO] [SESSION:0ac7727a] [SYSTEM  ] Iniciando modulos do bot e Overlay de tela...
2026-07-22 21:07:40 [INFO] [SESSION:0ac7727a] [HEALER  ] Modulo de cura ativado.
2026-07-22 21:07:40 [INFO] [SESSION:0ac7727a] [COMBAT  ] Modulo de ataque ativado.
2026-07-22 21:07:40 [INFO] [SESSION:0ac7727a] [SYSTEM  ] Engine em execucao. Pressione Ctrl+C ou PAUSE para parar.
2026-07-22 21:07:40 [INFO] [SESSION:0ac7727a] [STATE   ] Modo alterado: IDLE -> UNSAFE | Motivo: Janela do Tibia sem foco ativo
2026-07-22 21:07:44 [INFO] [SESSION:0ac7727a] [STATE   ] Modo alterado: UNSAFE -> IN_PROTECTION_ZONE | Motivo: Personagem dentro de Protection Zone
2026-07-22 21:07:46 [INFO] [SESSION:0ac7727a] [STATE   ] Modo alterado: IN_PROTECTION_ZONE -> IDLE | Motivo: Nenhum combate ativo ou evento pendente
2026-07-22 21:07:46 [INFO] [SESSION:0ac7727a] [PZ      ] Saiu de PZ
2026-07-22 21:07:59 [INFO] [SESSION:0ac7727a] [STATE   ] Modo alterado: IDLE -> COMBAT | Motivo: Criaturas detectadas na Battle List / Alvo travado
2026-07-22 21:07:59 [INFO] [SESSION:0ac7727a] [COMBAT  ] Alvo travado
2026-07-22 21:08:00 [INFO] [SESSION:0ac7727a] [ACTION  ] Executado ATTACK: Selecao de alvo na Battle List
2026-07-22 21:08:00 [INFO] [SESSION:0ac7727a] [COMBAT  ] Alvo travado
2026-07-22 21:08:09 [INFO] [SESSION:0ac7727a] [STATE   ] Modo alterado: COMBAT -> IDLE | Motivo: Nenhum combate ativo ou evento pendente
2026-07-22 21:08:09 [INFO] [SESSION:0ac7727a] [COMBAT  ] Batalha encerrada
2026-07-22 21:08:35 [INFO] [SESSION:0ac7727a] [STATE   ] Modo alterado: IDLE -> UNSAFE | Motivo: Janela do Tibia sem foco ativo
2026-07-22 21:08:36 [INFO] [SESSION:0ac7727a] [SYSTEM  ] Encerrando bot por solicitacao do usuario...
2026-07-22 21:08:36 [INFO] [SESSION:0ac7727a] [SYSTEM  ] Restaurando visibilidade normal da janela do Tibia...
2026-07-22 21:08:36 [INFO] [SESSION:0ac7727a] [SYSTEM  ] Visibilidade restaurada. Engine encerrado com sucesso.
2026-07-22 21:10:55 [INFO] [SESSION:c117a952] [SIMULATION] [OBSERVE-ONLY] Acao simulada EMERGENCY_HEAL: Vida Baixa
2026-07-22 21:10:55 [INFO] [SESSION:c117a952] [STATE   ] Modo alterado: IDLE -> UNSAFE | Motivo: Janela do Projetor OBS não encontrada
2026-07-22 21:10:55 [INFO] [SESSION:c117a952] [SYSTEM  ] Restaurando visibilidade normal da janela do Tibia...
2026-07-22 21:10:55 [INFO] [SESSION:c117a952] [SYSTEM  ] Visibilidade restaurada. Engine encerrado com sucesso.
2026-07-22 21:10:55 [INFO] [SESSION:c117a952] [HEALER  ] Modulo de cura ativado.
2026-07-22 21:10:55 [INFO] [SESSION:c117a952] [COMBAT  ] Modulo de ataque ativado.
2026-07-22 21:10:55 [INFO] [SESSION:c117a952] [COMBAT  ] Atacando inimigo
2026-07-22 21:10:55 [INFO] [SESSION:c117a952] [HEALER  ] Modulo de cura ativado.
2026-07-22 21:10:55 [INFO] [SESSION:c117a952] [STATE   ] Modo alterado: IDLE -> COMBAT | Motivo: Criaturas detectadas na Battle List / Alvo travado
2026-07-22 21:10:55 [INFO] [SESSION:c117a952] [STATE   ] Modo alterado: IDLE -> PAUSED | Motivo: Killswitch ativado pelo usuário (Pause)
2026-07-22 21:10:55 [INFO] [SESSION:c117a952] [STATE   ] Modo alterado: IDLE -> COMBAT | Motivo: Criaturas detectadas na Battle List / Alvo travado
2026-07-22 21:10:55 [INFO] [SESSION:c117a952] [STATE   ] Modo alterado: IDLE -> IN_PROTECTION_ZONE | Motivo: Personagem dentro de Protection Zone
2026-07-22 21:10:55 [INFO] [SESSION:c117a952] [STATE   ] Modo alterado: IDLE -> UNSAFE | Motivo: Janela do Tibia sem foco ativo
2026-07-22 21:13:57 [INFO] [SESSION:1fbfb463] [SIMULATION] [OBSERVE-ONLY] Acao simulada EMERGENCY_HEAL: Vida Baixa
2026-07-22 21:13:57 [INFO] [SESSION:1fbfb463] [STATE   ] Modo alterado: IDLE -> UNSAFE | Motivo: Janela do Projetor OBS não encontrada
2026-07-22 21:13:57 [INFO] [SESSION:1fbfb463] [SYSTEM  ] Restaurando visibilidade normal da janela do Tibia...
2026-07-22 21:13:58 [INFO] [SESSION:1fbfb463] [SYSTEM  ] Visibilidade restaurada. Engine encerrado com sucesso.
2026-07-22 21:13:58 [INFO] [SESSION:1fbfb463] [HEALER  ] Modulo de cura ativado.
2026-07-22 21:13:58 [INFO] [SESSION:1fbfb463] [COMBAT  ] Modulo de ataque ativado.
2026-07-22 21:13:58 [INFO] [SESSION:1fbfb463] [COMBAT  ] Atacando inimigo
2026-07-22 21:13:58 [INFO] [SESSION:1fbfb463] [HEALER  ] Modulo de cura ativado.
2026-07-22 21:13:58 [INFO] [SESSION:1fbfb463] [STATE   ] Modo alterado: IDLE -> COMBAT | Motivo: Criaturas detectadas na Battle List / Alvo travado
2026-07-22 21:13:58 [INFO] [SESSION:1fbfb463] [STATE   ] Modo alterado: IDLE -> PAUSED | Motivo: Killswitch ativado pelo usuário (Pause)
2026-07-22 21:13:58 [INFO] [SESSION:1fbfb463] [STATE   ] Modo alterado: IDLE -> COMBAT | Motivo: Criaturas detectadas na Battle List / Alvo travado
2026-07-22 21:13:58 [INFO] [SESSION:1fbfb463] [STATE   ] Modo alterado: IDLE -> IN_PROTECTION_ZONE | Motivo: Personagem dentro de Protection Zone
2026-07-22 21:13:58 [INFO] [SESSION:1fbfb463] [STATE   ] Modo alterado: IDLE -> UNSAFE | Motivo: Janela do Tibia sem foco ativo
2026-07-22 21:14:13 [INFO] [SESSION:5bd85918] [ACTION  ] Executado HEAL: Cura
2026-07-22 21:14:13 [INFO] [SESSION:5bd85918] [SIMULATION] [OBSERVE-ONLY] Acao simulada EMERGENCY_HEAL: Vida Baixa
2026-07-22 21:14:13 [INFO] [SESSION:5bd85918] [STATE   ] Modo alterado: IDLE -> UNSAFE | Motivo: Janela do Projetor OBS não encontrada
2026-07-22 21:14:13 [INFO] [SESSION:5bd85918] [SYSTEM  ] Restaurando visibilidade normal da janela do Tibia...
2026-07-22 21:14:13 [INFO] [SESSION:5bd85918] [SYSTEM  ] Visibilidade restaurada. Engine encerrado com sucesso.
2026-07-22 21:14:13 [INFO] [SESSION:5bd85918] [HEALER  ] Modulo de cura ativado.
2026-07-22 21:14:13 [INFO] [SESSION:5bd85918] [COMBAT  ] Modulo de ataque ativado.
2026-07-22 21:14:13 [INFO] [SESSION:5bd85918] [COMBAT  ] Atacando inimigo
2026-07-22 21:14:13 [INFO] [SESSION:5bd85918] [HEALER  ] Modulo de cura ativado.
2026-07-22 21:14:13 [INFO] [SESSION:5bd85918] [STATE   ] Modo alterado: IDLE -> COMBAT | Motivo: Criaturas detectadas na Battle List / Alvo travado
2026-07-22 21:14:13 [INFO] [SESSION:5bd85918] [STATE   ] Modo alterado: IDLE -> PAUSED | Motivo: Killswitch ativado pelo usuário (Pause)
2026-07-22 21:14:13 [INFO] [SESSION:5bd85918] [STATE   ] Modo alterado: IDLE -> COMBAT | Motivo: Criaturas detectadas na Battle List / Alvo travado
2026-07-22 21:14:13 [INFO] [SESSION:5bd85918] [STATE   ] Modo alterado: IDLE -> IN_PROTECTION_ZONE | Motivo: Personagem dentro de Protection Zone
2026-07-22 21:14:13 [INFO] [SESSION:5bd85918] [STATE   ] Modo alterado: IDLE -> UNSAFE | Motivo: Janela do Tibia sem foco ativo
2026-07-22 21:15:37 [INFO] [SESSION:25ec987d] [ACTION  ] Executado HEAL: Cura
2026-07-22 21:15:37 [INFO] [SESSION:25ec987d] [SIMULATION] [OBSERVE-ONLY] Acao simulada EMERGENCY_HEAL: Vida Baixa
2026-07-22 21:15:37 [INFO] [SESSION:25ec987d] [STATE   ] Modo alterado: IDLE -> UNSAFE | Motivo: Janela do Projetor OBS não encontrada
2026-07-22 21:15:37 [INFO] [SESSION:25ec987d] [SYSTEM  ] Restaurando visibilidade normal da janela do Tibia...
2026-07-22 21:15:37 [INFO] [SESSION:25ec987d] [SYSTEM  ] Visibilidade restaurada. Engine encerrado com sucesso.
2026-07-22 21:15:37 [INFO] [SESSION:25ec987d] [HEALER  ] Modulo de cura ativado.
2026-07-22 21:15:37 [INFO] [SESSION:25ec987d] [COMBAT  ] Modulo de ataque ativado.
2026-07-22 21:15:37 [INFO] [SESSION:25ec987d] [COMBAT  ] Atacando inimigo
2026-07-22 21:15:37 [INFO] [SESSION:25ec987d] [HEALER  ] Modulo de cura ativado.
2026-07-22 21:15:37 [INFO] [SESSION:25ec987d] [STATE   ] Modo alterado: IDLE -> COMBAT | Motivo: Criaturas detectadas na Battle List / Alvo travado
2026-07-22 21:15:37 [INFO] [SESSION:25ec987d] [STATE   ] Modo alterado: IDLE -> PAUSED | Motivo: Killswitch ativado pelo usuário (Pause)
2026-07-22 21:15:37 [INFO] [SESSION:25ec987d] [STATE   ] Modo alterado: IDLE -> COMBAT | Motivo: Criaturas detectadas na Battle List / Alvo travado
2026-07-22 21:15:37 [INFO] [SESSION:25ec987d] [STATE   ] Modo alterado: IDLE -> IN_PROTECTION_ZONE | Motivo: Personagem dentro de Protection Zone
2026-07-22 21:15:37 [INFO] [SESSION:25ec987d] [STATE   ] Modo alterado: IDLE -> UNSAFE | Motivo: Janela do Tibia sem foco ativo
2026-07-22 21:16:23 [INFO] [SESSION:a71f71a9] [ACTION  ] Executado HEAL: Cura
2026-07-22 21:16:24 [INFO] [SESSION:a71f71a9] [SYSTEM  ] Captura estática/congelada detectada há 0.1 segundos.
2026-07-22 21:16:24 [INFO] [SESSION:a71f71a9] [SIMULATION] [OBSERVE-ONLY] Acao simulada EMERGENCY_HEAL: Vida Baixa
2026-07-22 21:16:24 [INFO] [SESSION:a71f71a9] [STATE   ] Modo alterado: IDLE -> UNSAFE | Motivo: Janela do Projetor OBS não encontrada
2026-07-22 21:16:24 [INFO] [SESSION:a71f71a9] [SYSTEM  ] Restaurando visibilidade normal da janela do Tibia...
2026-07-22 21:16:24 [INFO] [SESSION:a71f71a9] [SYSTEM  ] Visibilidade restaurada. Engine encerrado com sucesso.
2026-07-22 21:16:24 [INFO] [SESSION:a71f71a9] [HEALER  ] Modulo de cura ativado.
2026-07-22 21:16:24 [INFO] [SESSION:a71f71a9] [COMBAT  ] Modulo de ataque ativado.
2026-07-22 21:16:24 [INFO] [SESSION:a71f71a9] [COMBAT  ] Atacando inimigo
2026-07-22 21:16:24 [INFO] [SESSION:a71f71a9] [HEALER  ] Modulo de cura ativado.
2026-07-22 21:16:24 [INFO] [SESSION:a71f71a9] [STATE   ] Modo alterado: IDLE -> COMBAT | Motivo: Criaturas detectadas na Battle List / Alvo travado
2026-07-22 21:16:24 [INFO] [SESSION:a71f71a9] [STATE   ] Modo alterado: IDLE -> PAUSED | Motivo: Killswitch ativado pelo usuário (Pause)
2026-07-22 21:16:24 [INFO] [SESSION:a71f71a9] [STATE   ] Modo alterado: IDLE -> COMBAT | Motivo: Criaturas detectadas na Battle List / Alvo travado
2026-07-22 21:16:24 [INFO] [SESSION:a71f71a9] [STATE   ] Modo alterado: IDLE -> IN_PROTECTION_ZONE | Motivo: Personagem dentro de Protection Zone
2026-07-22 21:16:24 [INFO] [SESSION:a71f71a9] [STATE   ] Modo alterado: IDLE -> UNSAFE | Motivo: Janela do Tibia sem foco ativo
2026-07-22 21:17:35 [INFO] [SESSION:22e511d2] [ACTION  ] Executado HEAL: Cura
2026-07-22 21:17:35 [INFO] [SESSION:22e511d2] [SYSTEM  ] Captura estática/congelada detectada há 0.1 segundos.
2026-07-22 21:17:35 [INFO] [SESSION:22e511d2] [SIMULATION] [OBSERVE-ONLY] Acao simulada EMERGENCY_HEAL: Vida Baixa
2026-07-22 21:17:35 [INFO] [SESSION:22e511d2] [STATE   ] Modo alterado: IDLE -> UNSAFE | Motivo: Janela do Projetor OBS não encontrada
2026-07-22 21:17:35 [INFO] [SESSION:22e511d2] [SYSTEM  ] Restaurando visibilidade normal da janela do Tibia...
2026-07-22 21:17:36 [INFO] [SESSION:22e511d2] [SYSTEM  ] Visibilidade restaurada. Engine encerrado com sucesso.
2026-07-22 21:17:36 [INFO] [SESSION:22e511d2] [HEALER  ] Modulo de cura ativado.
2026-07-22 21:17:36 [INFO] [SESSION:22e511d2] [COMBAT  ] Modulo de ataque ativado.
2026-07-22 21:17:36 [INFO] [SESSION:22e511d2] [COMBAT  ] Atacando inimigo
2026-07-22 21:17:36 [INFO] [SESSION:22e511d2] [HEALER  ] Modulo de cura ativado.
2026-07-22 21:17:36 [INFO] [SESSION:22e511d2] [STATE   ] Modo alterado: IDLE -> COMBAT | Motivo: Criaturas detectadas na Battle List / Alvo travado
2026-07-22 21:17:36 [INFO] [SESSION:22e511d2] [STATE   ] Modo alterado: IDLE -> PAUSED | Motivo: Killswitch ativado pelo usuário (Pause)
2026-07-22 21:17:36 [INFO] [SESSION:22e511d2] [STATE   ] Modo alterado: IDLE -> COMBAT | Motivo: Criaturas detectadas na Battle List / Alvo travado
2026-07-22 21:17:36 [INFO] [SESSION:22e511d2] [STATE   ] Modo alterado: IDLE -> IN_PROTECTION_ZONE | Motivo: Personagem dentro de Protection Zone
2026-07-22 21:17:36 [INFO] [SESSION:22e511d2] [STATE   ] Modo alterado: IDLE -> UNSAFE | Motivo: Janela do Tibia sem foco ativo
2026-07-22 21:18:38 [INFO] [SESSION:04510563] [ACTION  ] Executado HEAL: Cura
2026-07-22 21:18:38 [INFO] [SESSION:04510563] [SYSTEM  ] Captura estática/congelada detectada há 0.1 segundos.
2026-07-22 21:18:38 [INFO] [SESSION:04510563] [SIMULATION] [OBSERVE-ONLY] Acao simulada EMERGENCY_HEAL: Vida Baixa
2026-07-22 21:18:38 [INFO] [SESSION:04510563] [STATE   ] Modo alterado: IDLE -> UNSAFE | Motivo: Janela do Projetor OBS não encontrada
2026-07-22 21:18:38 [INFO] [SESSION:04510563] [SYSTEM  ] Restaurando visibilidade normal da janela do Tibia...
2026-07-22 21:18:39 [INFO] [SESSION:04510563] [SYSTEM  ] Visibilidade restaurada. Engine encerrado com sucesso.
2026-07-22 21:18:39 [INFO] [SESSION:04510563] [HEALER  ] Modulo de cura ativado.
2026-07-22 21:18:39 [INFO] [SESSION:04510563] [COMBAT  ] Modulo de ataque ativado.
2026-07-22 21:18:39 [INFO] [SESSION:04510563] [COMBAT  ] Atacando inimigo
2026-07-22 21:18:39 [INFO] [SESSION:04510563] [HEALER  ] Modulo de cura ativado.
2026-07-22 21:18:39 [INFO] [SESSION:04510563] [STATE   ] Modo alterado: IDLE -> COMBAT | Motivo: Criaturas detectadas na Battle List / Alvo travado
2026-07-22 21:18:39 [INFO] [SESSION:04510563] [STATE   ] Modo alterado: IDLE -> PAUSED | Motivo: Killswitch ativado pelo usuário (Pause)
2026-07-22 21:18:39 [INFO] [SESSION:04510563] [STATE   ] Modo alterado: IDLE -> COMBAT | Motivo: Criaturas detectadas na Battle List / Alvo travado
2026-07-22 21:18:39 [INFO] [SESSION:04510563] [STATE   ] Modo alterado: IDLE -> IN_PROTECTION_ZONE | Motivo: Personagem dentro de Protection Zone
2026-07-22 21:18:39 [INFO] [SESSION:04510563] [STATE   ] Modo alterado: IDLE -> UNSAFE | Motivo: Janela do Tibia sem foco ativo
2026-07-22 21:19:58 [INFO] [SESSION:9973a522] [ACTION  ] Executado HEAL: Cura
2026-07-22 21:19:58 [INFO] [SESSION:9973a522] [SYSTEM  ] Captura estática/congelada detectada há 0.1 segundos.
2026-07-22 21:19:58 [INFO] [SESSION:9973a522] [SIMULATION] [OBSERVE-ONLY] Acao simulada EMERGENCY_HEAL: Vida Baixa
2026-07-22 21:19:58 [INFO] [SESSION:9973a522] [STATE   ] Modo alterado: IDLE -> UNSAFE | Motivo: Janela do Projetor OBS não encontrada
2026-07-22 21:19:58 [INFO] [SESSION:9973a522] [SYSTEM  ] Restaurando visibilidade normal da janela do Tibia...
2026-07-22 21:19:59 [INFO] [SESSION:9973a522] [SYSTEM  ] Visibilidade restaurada. Engine encerrado com sucesso.
2026-07-22 21:19:59 [INFO] [SESSION:9973a522] [HEALER  ] Modulo de cura ativado.
2026-07-22 21:19:59 [INFO] [SESSION:9973a522] [COMBAT  ] Modulo de ataque ativado.
2026-07-22 21:19:59 [INFO] [SESSION:9973a522] [COMBAT  ] Atacando inimigo
2026-07-22 21:19:59 [INFO] [SESSION:9973a522] [HEALER  ] Modulo de cura ativado.
2026-07-22 21:19:59 [INFO] [SESSION:9973a522] [STATE   ] Modo alterado: IDLE -> COMBAT | Motivo: Criaturas detectadas na Battle List / Alvo travado
2026-07-22 21:19:59 [INFO] [SESSION:9973a522] [STATE   ] Modo alterado: IDLE -> PAUSED | Motivo: Killswitch ativado pelo usuário (Pause)
2026-07-22 21:19:59 [INFO] [SESSION:9973a522] [STATE   ] Modo alterado: IDLE -> COMBAT | Motivo: Criaturas detectadas na Battle List / Alvo travado
2026-07-22 21:19:59 [INFO] [SESSION:9973a522] [STATE   ] Modo alterado: IDLE -> IN_PROTECTION_ZONE | Motivo: Personagem dentro de Protection Zone
2026-07-22 21:19:59 [INFO] [SESSION:9973a522] [STATE   ] Modo alterado: IDLE -> UNSAFE | Motivo: Janela do Tibia sem foco ativo
